============================= test session starts =============================
platform win32 -- Python 3.13.9, pytest-9.1.1, pluggy-1.6.0 -- C:\Users\Admin\dev\er-lab\.venv\Scripts\python.exe
cachedir: .pytest_cache
rootdir: C:\Users\Admin\dev\er-lab
configfile: pytest.ini
plugins: anyio-4.14.1, Faker-40.32.0
collecting ... collected 475 items

tests/test_adapters_base.py::test_failed_status_accepts_none_document_and_run PASSED [  0%]
tests/test_adapters_base.py::test_failed_status_rejects_a_present_document PASSED [  0%]
tests/test_adapters_base.py::test_success_status_requires_both_document_and_run PASSED [  0%]
tests/test_adapters_base.py::test_success_status_accepts_both_present PASSED [  0%]
tests/test_adapters_base.py::test_partial_status_requires_both_document_and_run PASSED [  1%]
tests/test_adapters_base.py::test_partial_status_accepts_both_present PASSED [  1%]
tests/test_adapters_base.py::test_success_status_rejects_a_fidelity_affecting_diagnostic PASSED [  1%]
tests/test_adapters_base.py::test_success_status_accepts_a_non_fidelity_affecting_diagnostic PASSED [  1%]
tests/test_adapters_base.py::test_partial_status_valid_with_no_diagnostics_at_all PASSED [  1%]
tests/test_adapters_base.py::test_partial_status_valid_with_a_fidelity_affecting_diagnostic PASSED [  2%]
tests/test_adapters_base.py::test_elapsed_ms_must_be_nonnegative PASSED  [  2%]
tests/test_adapters_base.py::test_source_sha256_must_be_lowercase_hex_sha256 PASSED [  2%]
tests/test_adapters_base.py::test_source_relative_path_must_be_portable_and_relative[C:\\abs\\path.pdf] PASSED [  2%]
tests/test_adapters_base.py::test_source_relative_path_must_be_portable_and_relative[/abs/path.pdf] PASSED [  2%]
tests/test_adapters_base.py::test_source_relative_path_must_be_portable_and_relative[../escape.pdf] PASSED [  3%]
tests/test_adapters_base.py::test_source_relative_path_must_be_portable_and_relative[] PASSED [  3%]
tests/test_adapters_base.py::test_source_relative_path_accepts_portable_posix_relative_path PASSED [  3%]
tests/test_adapters_base.py::test_diagnostic_severity_and_affects_fidelity_are_independent_axes PASSED [  3%]
tests/test_adapters_base.py::test_diagnostic_affects_fidelity_defaults_false PASSED [  4%]
tests/test_canonical_hashing.py::test_stable_hash_is_sha256_hex PASSED   [  4%]
tests/test_canonical_hashing.py::test_stable_hash_deterministic_across_fresh_instances PASSED [  4%]
tests/test_canonical_hashing.py::test_stable_hash_changes_with_content PASSED [  4%]
tests/test_canonical_hashing.py::test_compute_manifest_sha256_deterministic PASSED [  4%]
tests/test_canonical_hashing.py::test_compute_manifest_sha256_ignores_existing_hash_field PASSED [  5%]
tests/test_canonical_hashing.py::test_compute_manifest_sha256_differs_for_different_content PASSED [  5%]
tests/test_canonical_hashing.py::test_compute_manifest_sha256_key_order_independent PASSED [  5%]
tests/test_canonical_hashing.py::test_frozen_manifest_hash_is_computable_and_deterministic PASSED [  5%]
tests/test_canonical_hashing.py::test_frozen_manifest_has_no_self_embedded_hash PASSED [  5%]
tests/test_canonical_hashing.py::test_canonical_hash_independent_of_benchmark_binding PASSED [  6%]
tests/test_canonical_hashing.py::test_benchmark_binding_rejects_non_hex_manifest_sha256 PASSED [  6%]
tests/test_canonical_hashing.py::test_benchmark_binding_rejects_non_hex_canonical_document_hash PASSED [  6%]
tests/test_canonical_hashing.py::test_benchmark_binding_rejects_wrong_length_hash PASSED [  6%]
tests/test_canonical_hashing.py::test_benchmark_binding_rejects_uppercase_hash PASSED [  6%]
tests/test_canonical_hashing.py::test_canonical_document_rejects_non_hex_source_sha256 PASSED [  7%]
tests/test_canonical_hashing.py::test_canonical_picture_rejects_non_hex_content_sha256 PASSED [  7%]
tests/test_canonical_hashing.py::test_stable_element_id_deterministic PASSED [  7%]
tests/test_canonical_hashing.py::test_stable_element_id_changes_with_identity_components PASSED [  7%]
tests/test_canonical_hashing.py::test_stable_element_id_extra_dict_insertion_order_independent PASSED [  8%]
tests/test_canonical_hashing.py::test_stable_element_id_is_sha256_hex PASSED [  8%]
tests/test_canonical_hashing.py::test_hashing_module_does_not_use_uuid4_or_builtin_hash PASSED [  8%]
tests/test_canonical_schema.py::test_valid_document_constructs PASSED    [  8%]
tests/test_canonical_schema.py::test_canonical_document_has_no_manifest_fields PASSED [  8%]
tests/test_canonical_schema.py::test_annotation_discriminated_union_parses_raw_dicts PASSED [  9%]
tests/test_canonical_schema.py::test_unknown_annotation_type_rejected PASSED [  9%]
tests/test_canonical_schema.py::test_bbox_coordinate_unit_mismatch_rejected PASSED [  9%]
tests/test_canonical_schema.py::test_bbox_coordinate_origin_mismatch_rejected PASSED [  9%]
tests/test_canonical_schema.py::test_bbox_unknown_unit_index_rejected PASSED [  9%]
tests/test_canonical_schema.py::test_unit_index_unknown_rejected_even_without_bbox PASSED [ 10%]
tests/test_canonical_schema.py::test_diagram_node_bbox_coordinate_mismatch_rejected PASSED [ 10%]
tests/test_canonical_schema.py::test_diagram_edge_unresolved_node_id_rejected PASSED [ 10%]
tests/test_canonical_schema.py::test_diagram_edge_resolved_node_id_accepted PASSED [ 10%]
tests/test_canonical_schema.py::test_caption_unresolved_target_picture_rejected PASSED [ 10%]
tests/test_canonical_schema.py::test_list_item_unresolved_parent_rejected PASSED [ 11%]
tests/test_canonical_schema.py::test_list_item_resolved_parent_accepted PASSED [ 11%]
tests/test_canonical_schema.py::test_annotation_target_ref_unresolved_rejected PASSED [ 11%]
tests/test_canonical_schema.py::test_table_cell_row_out_of_bounds_rejected PASSED [ 11%]
tests/test_canonical_schema.py::test_table_cell_col_out_of_bounds_rejected PASSED [ 12%]
tests/test_canonical_schema.py::test_table_cell_span_exceeds_bounds_rejected PASSED [ 12%]
tests/test_canonical_schema.py::test_duplicate_block_id_rejected PASSED  [ 12%]
tests/test_canonical_schema.py::test_duplicate_picture_id_rejected PASSED [ 12%]
tests/test_canonical_schema.py::test_duplicate_annotation_id_rejected PASSED [ 12%]
tests/test_canonical_schema.py::test_duplicate_diagram_node_id_rejected PASSED [ 13%]
tests/test_canonical_schema.py::test_absolute_source_relative_path_rejected PASSED [ 13%]
tests/test_canonical_schema.py::test_windows_absolute_source_relative_path_rejected PASSED [ 13%]
tests/test_canonical_schema.py::test_backslash_source_relative_path_rejected PASSED [ 13%]
tests/test_canonical_schema.py::test_absolute_artifact_ref_rejected PASSED [ 13%]
tests/test_canonical_schema.py::test_windows_absolute_artifact_ref_rejected PASSED [ 14%]
tests/test_canonical_schema.py::test_empty_artifact_ref_rejected PASSED  [ 14%]
tests/test_canonical_schema.py::test_empty_source_relative_path_rejected PASSED [ 14%]
tests/test_canonical_schema.py::test_traversal_source_relative_path_rejected PASSED [ 14%]
tests/test_canonical_schema.py::test_traversal_artifact_ref_rejected PASSED [ 14%]
tests/test_canonical_schema.py::test_source_filename_with_slash_rejected PASSED [ 15%]
tests/test_canonical_schema.py::test_source_filename_with_backslash_rejected PASSED [ 15%]
tests/test_canonical_schema.py::test_source_filename_empty_rejected PASSED [ 15%]
tests/test_canonical_schema.py::test_source_sha256_rejects_non_hex PASSED [ 15%]
tests/test_canonical_schema.py::test_source_sha256_rejects_wrong_length PASSED [ 16%]
tests/test_canonical_schema.py::test_source_sha256_rejects_uppercase PASSED [ 16%]
tests/test_canonical_schema.py::test_content_sha256_rejects_non_hex PASSED [ 16%]
tests/test_canonical_schema.py::test_bbox_x1_less_than_x0_rejected PASSED [ 16%]
tests/test_canonical_schema.py::test_bbox_y1_less_than_y0_rejected PASSED [ 16%]
tests/test_canonical_schema.py::test_bbox_equal_x0_x1_accepted PASSED    [ 17%]
tests/test_canonical_schema.py::test_bbox_rejects_non_finite_values PASSED [ 17%]
tests/test_canonical_schema.py::test_normalized_bbox_valid_range_accepted PASSED [ 17%]
tests/test_canonical_schema.py::test_normalized_bbox_out_of_range_rejected PASSED [ 17%]
tests/test_canonical_schema.py::test_normalized_bbox_x_ordering_rejected PASSED [ 17%]
tests/test_canonical_schema.py::test_normalized_bbox_y_ordering_rejected PASSED [ 18%]
tests/test_canonical_schema.py::test_negative_unit_index_rejected PASSED [ 18%]
tests/test_canonical_schema.py::test_zero_width_unit_rejected PASSED     [ 18%]
tests/test_canonical_schema.py::test_zero_height_unit_rejected PASSED    [ 18%]
tests/test_canonical_schema.py::test_duplicate_unit_index_rejected PASSED [ 18%]
tests/test_canonical_schema.py::test_negative_order_index_rejected PASSED [ 19%]
tests/test_canonical_schema.py::test_heading_level_zero_rejected PASSED  [ 19%]
tests/test_canonical_schema.py::test_list_item_negative_indent_level_rejected PASSED [ 19%]
tests/test_canonical_schema.py::test_table_zero_rows_rejected PASSED     [ 19%]
tests/test_canonical_schema.py::test_table_zero_cols_rejected PASSED     [ 20%]
tests/test_canonical_schema.py::test_table_cell_negative_row_rejected PASSED [ 20%]
tests/test_canonical_schema.py::test_table_cell_negative_col_rejected PASSED [ 20%]
tests/test_canonical_schema.py::test_table_cell_zero_row_span_rejected PASSED [ 20%]
tests/test_canonical_schema.py::test_table_cell_zero_col_span_rejected PASSED [ 20%]
tests/test_canonical_schema.py::test_provenance_unresolved_element_id_rejected PASSED [ 21%]
tests/test_canonical_schema.py::test_provenance_resolves_to_core_element PASSED [ 21%]
tests/test_canonical_schema.py::test_provenance_resolves_to_annotation_id PASSED [ 21%]
tests/test_canonical_schema.py::test_block_id_colliding_with_picture_id_rejected PASSED [ 21%]
tests/test_canonical_schema.py::test_table_id_colliding_with_block_id_rejected PASSED [ 21%]
tests/test_canonical_schema.py::test_annotation_negative_unit_index_rejected PASSED [ 22%]
tests/test_canonical_schema.py::test_annotation_confidence_out_of_range_rejected PASSED [ 22%]
tests/test_canonical_schema.py::test_annotation_confidence_none_accepted PASSED [ 22%]
tests/test_canonical_schema.py::test_annotation_confidence_in_range_accepted PASSED [ 22%]
tests/test_canonical_schema.py::test_annotation_rejects_unexpected_extra_field PASSED [ 22%]
tests/test_canonical_schema.py::test_identifier_char_offsets_both_none_accepted PASSED [ 23%]
tests/test_canonical_schema.py::test_identifier_char_offsets_both_populated_accepted PASSED [ 23%]
tests/test_canonical_schema.py::test_identifier_char_offsets_only_start_rejected PASSED [ 23%]
tests/test_canonical_schema.py::test_identifier_char_offsets_only_end_rejected PASSED [ 23%]
tests/test_canonical_schema.py::test_identifier_char_offsets_start_after_end_rejected PASSED [ 24%]
tests/test_canonical_schema.py::test_identifier_char_offsets_negative_start_rejected PASSED [ 24%]
tests/test_canonical_schema.py::test_identifier_char_offsets_equal_start_end_accepted PASSED [ 24%]
tests/test_canonical_schema.py::test_ocr_annotation_defaults_to_extracted PASSED [ 24%]
tests/test_canonical_schema.py::test_ocr_annotation_rejects_model_derived PASSED [ 24%]
tests/test_canonical_schema.py::test_visible_text_annotation_defaults_to_model_derived PASSED [ 25%]
tests/test_canonical_schema.py::test_visible_text_annotation_rejects_extracted PASSED [ 25%]
tests/test_canonical_schema.py::test_image_description_annotation_rejects_extracted PASSED [ 25%]
tests/test_canonical_schema.py::test_image_description_annotation_defaults_to_model_derived PASSED [ 25%]
tests/test_canonical_schema.py::test_visual_fact_annotation_rejects_extracted PASSED [ 25%]
tests/test_canonical_schema.py::test_visual_fact_annotation_defaults_to_model_derived PASSED [ 26%]
tests/test_canonical_schema.py::test_diagram_node_annotation_accepts_extracted PASSED [ 26%]
tests/test_canonical_schema.py::test_diagram_node_annotation_accepts_model_derived PASSED [ 26%]
tests/test_canonical_schema.py::test_diagram_edge_annotation_accepts_extracted PASSED [ 26%]
tests/test_chunking.py::test_repeated_runs_produce_byte_equivalent_serialized_chunks PASSED [ 26%]
tests/test_chunking.py::test_chunk_ids_and_content_hashes_are_deterministic PASSED [ 27%]
tests/test_chunking.py::test_changing_source_content_changes_content_hash PASSED [ 27%]
tests/test_chunking.py::test_unchanged_content_same_doc_id_gives_identical_hash PASSED [ 27%]
tests/test_chunking.py::test_changing_config_changes_config_hash PASSED  [ 27%]
tests/test_chunking.py::test_smaller_max_chars_changes_chunk_boundaries PASSED [ 28%]
tests/test_chunking.py::test_text_chunk_preserves_paragraph_order PASSED [ 28%]
tests/test_chunking.py::test_paragraph_order_independent_of_input_list_order PASSED [ 28%]
tests/test_chunking.py::test_chunks_do_not_cross_unit_boundaries_by_default PASSED [ 28%]
tests/test_chunking.py::test_cross_unit_boundaries_true_merges_when_enabled PASSED [ 28%]
tests/test_chunking.py::test_heading_hierarchy_included_correctly PASSED [ 29%]
tests/test_chunking.py::test_sibling_heading_replaces_deeper_heading_in_path PASSED [ 29%]
tests/test_chunking.py::test_heading_with_no_following_content_gets_standalone_chunk PASSED [ 29%]
tests/test_chunking.py::test_heading_with_content_does_not_get_standalone_chunk PASSED [ 29%]
tests/test_chunking.py::test_nested_list_order_and_indentation_preserved PASSED [ 29%]
tests/test_chunking.py::test_table_becomes_standalone_chunk_with_all_cells_and_spans PASSED [ 30%]
tests/test_chunking.py::test_table_as_standalone_false_merges_with_surrounding_text PASSED [ 30%]
tests/test_chunking.py::test_picture_combined_with_caption PASSED        [ 30%]
tests/test_chunking.py::test_caption_not_duplicated_as_standalone_chunk PASSED [ 30%]
tests/test_chunking.py::test_source_text_and_model_derived_text_remain_separate PASSED [ 30%]
tests/test_chunking.py::test_model_derived_annotations_excluded_from_retrieval_text_when_configured_off PASSED [ 31%]
tests/test_chunking.py::test_ocr_annotation_is_source_visible_text_annotation_is_model_derived PASSED [ 31%]
tests/test_chunking.py::test_identifier_annotation_not_duplicated_into_text PASSED [ 31%]
tests/test_chunking.py::test_diagram_nodes_and_edges_render_deterministically PASSED [ 31%]
tests/test_chunking.py::test_extracted_diagram_nodes_render_as_source_text PASSED [ 32%]
tests/test_chunking.py::test_split_oversized_text_algorithm_is_documented_and_deterministic PASSED [ 32%]
tests/test_chunking.py::test_split_oversized_text_falls_back_to_whitespace_for_long_sentence PASSED [ 32%]
tests/test_chunking.py::test_split_oversized_text_fragments_are_ordered_and_nonoverlapping PASSED [ 32%]
tests/test_chunking.py::test_split_oversized_text_empty_text_returns_single_zero_length_fragment PASSED [ 32%]
tests/test_chunking.py::test_oversized_paragraph_splits_deterministically_and_retains_source_id PASSED [ 33%]
tests/test_chunking.py::test_oversized_element_policy_keep_oversized_does_not_split PASSED [ 33%]
tests/test_chunking.py::test_no_empty_chunks_emitted PASSED              [ 33%]
tests/test_chunking.py::test_no_empty_chunks_across_full_document PASSED [ 33%]
tests/test_chunking.py::test_document_unchanged_after_chunking PASSED    [ 33%]
tests/test_chunking.py::test_chunk_json_round_trip PASSED                [ 34%]
tests/test_chunking.py::test_chunking_config_json_round_trip PASSED      [ 34%]
tests/test_chunking.py::test_chunking_source_has_no_forbidden_import_statements PASSED [ 34%]
tests/test_chunking.py::test_canonical_chunk_rejects_unexpected_field PASSED [ 34%]
tests/test_chunking.py::test_chunking_config_rejects_unexpected_field PASSED [ 34%]
tests/test_chunking.py::test_chunking_config_defaults_match_spec PASSED  [ 35%]
tests/test_chunking.py::test_canonical_sha256_is_deterministic_and_key_order_independent PASSED [ 35%]
tests/test_chunking.py::test_content_chunk_traces_heading_context_to_both_canonical_elements PASSED [ 35%]
tests/test_chunking.py::test_heading_own_annotations_are_not_silently_lost_when_popped_without_content PASSED [ 35%]
tests/test_chunking.py::test_active_heading_annotation_ids_propagate_into_content_chunks PASSED [ 36%]
tests/test_chunking.py::test_heading_source_refs_empty_when_no_active_heading PASSED [ 36%]
tests/test_chunking.py::test_sparse_table_renders_explicit_row_col_for_missing_cells PASSED [ 36%]
tests/test_chunking.py::test_table_cell_starting_at_nonzero_column_preserves_column_index PASSED [ 36%]
tests/test_chunking.py::test_table_rendering_independent_of_cell_input_order PASSED [ 36%]
tests/test_chunking.py::test_changing_bbox_changes_content_hash_and_chunk_id_when_text_unchanged PASSED [ 37%]
tests/test_chunking.py::test_changing_heading_bbox_changes_content_hash_via_heading_source_refs PASSED [ 37%]
tests/test_chunking.py::test_picture_with_caption_retains_asset_ref PASSED [ 37%]
tests/test_chunking.py::test_picture_with_ocr_retains_asset_ref PASSED   [ 37%]
tests/test_chunking.py::test_picture_with_model_derived_annotations_retains_asset_ref PASSED [ 37%]
tests/test_chunking.py::test_picture_with_no_textual_annotations_still_emits_asset_only_chunk PASSED [ 38%]
tests/test_chunking.py::test_chunk_source_ref_rejects_negative_unit_index PASSED [ 38%]
tests/test_chunking.py::test_chunk_source_ref_rejects_negative_order_index PASSED [ 38%]
tests/test_chunking.py::test_chunk_source_ref_rejects_non_literal_element_type PASSED [ 38%]
tests/test_chunking.py::test_chunk_asset_ref_rejects_malformed_sha256 PASSED [ 38%]
tests/test_chunking.py::test_canonical_chunk_rejects_uppercase_content_sha256 PASSED [ 39%]
tests/test_chunking.py::test_canonical_chunk_rejects_empty_unit_indices PASSED [ 39%]
tests/test_chunking.py::test_canonical_chunk_rejects_unsorted_unit_indices PASSED [ 39%]
tests/test_chunking.py::test_canonical_chunk_rejects_duplicate_unit_indices PASSED [ 39%]
tests/test_chunking.py::test_canonical_chunk_rejects_duplicate_source_element_ids PASSED [ 40%]
tests/test_chunking.py::test_canonical_chunk_rejects_duplicate_annotation_ids PASSED [ 40%]
tests/test_chunking.py::test_canonical_chunk_rejects_contains_model_derived_inconsistency PASSED [ 40%]
tests/test_chunking.py::test_max_chars_limits_source_text_packing_not_retrieval_text PASSED [ 40%]
tests/test_chunking.py::test_two_revisions_of_one_logical_document_share_logical_id_differ_in_revision_id PASSED [ 40%]
tests/test_chunking.py::test_identical_chunk_text_across_revisions_differs_in_chunk_id_shares_embedding_hash PASSED [ 41%]
tests/test_chunking.py::test_changing_only_provenance_changes_content_hash_but_not_embedding_hash PASSED [ 41%]
tests/test_chunking.py::test_identical_identity_components_give_same_document_revision_id PASSED [ 41%]
tests/test_chunking.py::test_different_source_sha256_gives_different_document_revision_id PASSED [ 41%]
tests/test_chunking.py::test_document_revision_context_rejects_non_deterministic_id PASSED [ 41%]
tests/test_chunking.py::test_chunk_document_rejects_source_sha256_mismatch PASSED [ 42%]
tests/test_chunking.py::test_no_mutable_revision_state_fields_on_canonical_chunk PASSED [ 42%]
tests/test_chunking.py::test_canonical_chunk_carries_revision_lineage_fields PASSED [ 42%]
tests/test_chunking.py::test_text_sha256_is_deterministic_and_content_sensitive PASSED [ 42%]
tests/test_chunking.py::test_repeated_sentence_paragraph_splits_without_duplicate_occurrence_error PASSED [ 42%]
tests/test_chunking.py::test_identifier_annotation_routed_to_later_fragment_by_offset PASSED [ 43%]
tests/test_chunking.py::test_chunk_source_ref_fragment_fields_default_to_none_when_not_split PASSED [ 43%]
tests/test_chunking.py::test_chunk_source_ref_rejects_unpaired_char_span PASSED [ 43%]
tests/test_chunking.py::test_chunk_source_ref_rejects_start_greater_than_end PASSED [ 43%]
tests/test_chunking.py::test_chunk_source_ref_rejects_negative_fragment_index PASSED [ 44%]
tests/test_chunking.py::test_text_fragment_rejects_start_greater_than_end PASSED [ 44%]
tests/test_chunking.py::test_heading_extracted_annotation_content_appears_in_body_chunk_source_text PASSED [ 44%]
tests/test_chunking.py::test_heading_model_derived_annotation_content_appears_in_model_derived_text_and_respects_config PASSED [ 44%]
tests/test_chunking.py::test_heading_annotation_content_reaches_standalone_lonely_heading_ancestor_chunk PASSED [ 44%]
tests/test_chunking.py::test_version_label_is_normalized_on_storage PASSED [ 45%]
tests/test_chunking.py::test_version_label_rejects_empty_after_strip PASSED [ 45%]
tests/test_chunking.py::test_logical_document_id_rejects_empty_after_strip PASSED [ 45%]
tests/test_chunking.py::test_equal_normalized_version_label_gives_identical_stored_lineage_and_chunk_metadata PASSED [ 45%]
tests/test_chunking.py::test_asset_only_picture_chunk_has_no_embedding_input_hash PASSED [ 45%]
tests/test_chunking.py::test_nontextual_picture_chunks_do_not_share_embedding_hash_of_empty_string PASSED [ 46%]
tests/test_chunking.py::test_nonempty_retrieval_text_chunk_has_embedding_input_hash PASSED [ 46%]
tests/test_chunking.py::test_canonical_chunk_allows_none_embedding_input_sha256_round_trip PASSED [ 46%]
tests/test_chunking.py::test_canonical_chunk_rejects_malformed_embedding_input_sha256_when_present PASSED [ 46%]
tests/test_chunking.py::test_canonical_chunk_rejects_malformed_chunk_id PASSED [ 46%]
tests/test_chunking.py::test_canonical_chunk_rejects_malformed_document_revision_id PASSED [ 47%]
tests/test_chunking.py::test_table_rendering_always_includes_header_and_span_defaults PASSED [ 47%]
tests/test_chunking.py::test_oversized_paragraph_with_extracted_annotation_splits_correctly PASSED [ 47%]
tests/test_chunking.py::test_annotation_rendering_does_not_affect_fragment_spans PASSED [ 47%]
tests/test_chunking.py::test_fragment_spans_reconstruct_original_paragraph_text_exactly PASSED [ 48%]
tests/test_chunking.py::test_fragment_spans_reconstruct_original_list_item_text_exactly PASSED [ 48%]
tests/test_chunking.py::test_oversized_list_item_identifier_routed_to_later_fragment_despite_prefix PASSED [ 48%]
tests/test_chunking.py::test_chunk_source_ref_rejects_fragment_index_without_char_span PASSED [ 48%]
tests/test_chunking.py::test_chunk_source_ref_rejects_char_span_without_fragment_index PASSED [ 48%]
tests/test_chunking.py::test_chunk_source_ref_rejects_start_char_without_end_char_or_fragment_index PASSED [ 49%]
tests/test_chunking.py::test_chunk_source_ref_accepts_all_three_fragment_fields_together PASSED [ 49%]
tests/test_chunking.py::test_chunk_source_ref_accepts_all_three_fragment_fields_absent PASSED [ 49%]
tests/test_chunking.py::test_text_fragment_rejects_text_length_span_mismatch PASSED [ 49%]
tests/test_chunking.py::test_text_fragment_accepts_matching_text_length_and_span PASSED [ 49%]
tests/test_docling_standard_adapter.py::test_source_sha256_matches_exact_file_bytes PASSED [ 50%]
tests/test_docling_standard_adapter.py::test_source_relative_path_is_portable_posix_relative_to_source_root PASSED [ 50%]
tests/test_docling_standard_adapter.py::test_unsupported_extension_fails_cleanly_without_calling_docling PASSED [ 50%]
tests/test_docling_standard_adapter.py::test_successful_conversion_populates_extraction_run PASSED [ 50%]
tests/test_docling_standard_adapter.py::test_extraction_run_hash_matches_stable_canonical_hash PASSED [ 50%]
tests/test_docling_standard_adapter.py::test_result_never_contains_an_api_key_or_secret PASSED [ 51%]
tests/test_docling_standard_adapter.py::test_effective_configuration_disables_every_remote_and_vlm_option PASSED [ 51%]
tests/test_docling_standard_adapter.py::test_deterministic_conversion_same_canonical_document_hash PASSED [ 51%]
tests/test_docling_standard_adapter.py::test_environment_evidence_never_contains_an_absolute_path PASSED [ 51%]
tests/test_docling_standard_adapter.py::test_environment_evidence_has_expected_shape PASSED [ 52%]
tests/test_docling_standard_integration.py::test_parity_conversion_succeeds_and_validates[parity/PARITY_001.pdf] PASSED [ 52%]
tests/test_docling_standard_integration.py::test_parity_conversion_succeeds_and_validates[parity/PARITY_001.docx] PASSED [ 52%]
tests/test_docling_standard_integration.py::test_parity_conversion_succeeds_and_validates[parity/PARITY_001.pptx] PASSED [ 52%]
tests/test_docling_standard_integration.py::test_parity_core_paragraph_text_and_identifiers_present[parity/PARITY_001.pdf] PASSED [ 52%]
tests/test_docling_standard_integration.py::test_parity_core_paragraph_text_and_identifiers_present[parity/PARITY_001.docx] PASSED [ 53%]
tests/test_docling_standard_integration.py::test_parity_core_paragraph_text_and_identifiers_present[parity/PARITY_001.pptx] PASSED [ 53%]
tests/test_docling_standard_integration.py::test_parity_native_table_cells_present[parity/PARITY_001.pdf] PASSED [ 53%]
tests/test_docling_standard_integration.py::test_parity_native_table_cells_present[parity/PARITY_001.docx] PASSED [ 53%]
tests/test_docling_standard_integration.py::test_parity_native_table_cells_present[parity/PARITY_001.pptx] PASSED [ 53%]
tests/test_docling_standard_integration.py::test_parity_at_least_one_picture_retained[parity/PARITY_001.pdf] PASSED [ 54%]
tests/test_docling_standard_integration.py::test_parity_at_least_one_picture_retained[parity/PARITY_001.docx] PASSED [ 54%]
tests/test_docling_standard_integration.py::test_parity_at_least_one_picture_retained[parity/PARITY_001.pptx] PASSED [ 54%]
tests/test_docling_standard_integration.py::test_parity_pdf_picture_ocr_annotations_resolve_to_provenance_entries PASSED [ 54%]
tests/test_docling_standard_integration.py::test_parity_pdf_caption_is_linked_to_its_picture PASSED [ 54%]
tests/test_docling_standard_integration.py::test_parity_canonical_chunks_validate_with_nonempty_retrieval_text[parity/PARITY_001.pdf] PASSED [ 55%]
tests/test_docling_standard_integration.py::test_parity_canonical_chunks_validate_with_nonempty_retrieval_text[parity/PARITY_001.docx] PASSED [ 55%]
tests/test_docling_standard_integration.py::test_parity_canonical_chunks_validate_with_nonempty_retrieval_text[parity/PARITY_001.pptx] PASSED [ 55%]
tests/test_docling_standard_integration.py::test_parity_docx_is_a_valid_but_partial_document_with_one_explicit_unit PASSED [ 55%]
tests/test_docling_standard_integration.py::test_scanned_pdf_has_no_digital_text_layer_per_existing_fixture_test PASSED [ 56%]
tests/test_docling_standard_integration.py::test_scanned_pdf_docling_ocr_returns_nonempty_source_text PASSED [ 56%]
tests/test_docling_standard_integration.py::test_scanned_pdf_produces_no_model_derived_annotation PASSED [ 56%]
tests/test_docling_standard_integration.py::test_scanned_pdf_whole_page_ocr_stays_a_paragraph_not_an_annotation PASSED [ 56%]
tests/test_docling_standard_integration.py::test_chart_fixture_picture_retained_with_provenance PASSED [ 56%]
tests/test_docling_standard_integration.py::test_chart_fixture_ocr_annotations_resolve_to_provenance_entries PASSED [ 57%]
tests/test_docling_standard_integration.py::test_chart_fixture_never_produces_a_visual_fact_annotation PASSED [ 57%]
tests/test_docling_standard_integration.py::test_stress_docx_nested_headings_retained PASSED [ 57%]
tests/test_docling_standard_integration.py::test_stress_docx_list_items_retained_lost_nesting_is_reported PASSED [ 57%]
tests/test_docling_standard_integration.py::test_stress_pdf_two_column_converts_without_adapter_failure PASSED [ 57%]
tests/test_docling_standard_integration.py::test_stress_pdf_merged_table_mapped_when_exposed PASSED [ 58%]
tests/test_docling_standard_integration.py::test_stress_pptx_overlapping_textboxes_both_retained_if_exposed PASSED [ 58%]
tests/test_docling_standard_integration.py::test_stress_pptx_native_diagram_text_retained_no_relationship_invented PASSED [ 58%]
tests/test_docling_standard_integration.py::test_repeated_conversion_is_deterministic[parity/PARITY_001.pdf] PASSED [ 58%]
tests/test_docling_standard_integration.py::test_repeated_conversion_is_deterministic[parity/PARITY_001.docx] PASSED [ 58%]
tests/test_docling_standard_integration.py::test_repeated_conversion_is_deterministic[parity/PARITY_001.pptx] PASSED [ 59%]
tests/test_docling_standard_mapper.py::test_page_no_converted_to_zero_based_unit_index PASSED [ 59%]
tests/test_docling_standard_mapper.py::test_bbox_bottomleft_converted_to_top_left_origin PASSED [ 59%]
tests/test_docling_standard_mapper.py::test_heading_mapping_preserves_text_and_level PASSED [ 59%]
tests/test_docling_standard_mapper.py::test_heading_level_defaults_to_1_when_docling_omits_it PASSED [ 60%]
tests/test_docling_standard_mapper.py::test_paragraph_mapping_preserves_clean_text PASSED [ 60%]
tests/test_docling_standard_mapper.py::test_formula_label_mapped_as_paragraph_with_reduced_fidelity_diagnostic PASSED [ 60%]
tests/test_docling_standard_mapper.py::test_list_item_indentation_and_parent_relationship PASSED [ 60%]
tests/test_docling_standard_mapper.py::test_list_item_with_no_explicit_group_still_maps_with_sensible_default PASSED [ 60%]
tests/test_docling_standard_mapper.py::test_walk_list_ancestry_defaults_indent_zero_with_no_group_ancestor PASSED [ 61%]
tests/test_docling_standard_mapper.py::test_table_cells_with_row_and_col_spans PASSED [ 61%]
tests/test_docling_standard_mapper.py::test_sparse_table_cells_not_fabricated PASSED [ 61%]
tests/test_docling_standard_mapper.py::test_malformed_table_cell_out_of_bounds_is_skipped_and_diagnosed PASSED [ 61%]
tests/test_docling_standard_mapper.py::test_picture_artifact_hashing_and_content_sha256 PASSED [ 61%]
tests/test_docling_standard_mapper.py::test_picture_with_no_image_bytes_is_skipped_not_invented PASSED [ 62%]
tests/test_docling_standard_mapper.py::test_caption_linked_to_picture_via_map_document_not_duplicated_as_paragraph PASSED [ 62%]
tests/test_docling_standard_mapper.py::test_ocr_annotation_only_for_picture_nested_text_not_body_text PASSED [ 62%]
tests/test_docling_standard_mapper.py::test_no_model_derived_annotations_are_ever_produced PASSED [ 62%]
tests/test_docling_standard_mapper.py::test_unsupported_label_produces_diagnostic_and_is_skipped PASSED [ 62%]
tests/test_docling_standard_mapper.py::test_furniture_label_skipped_with_info_diagnostic PASSED [ 63%]
tests/test_docling_standard_mapper.py::test_missing_provenance_produces_diagnostic_and_is_skipped PASSED [ 63%]
tests/test_docling_standard_mapper.py::test_docx_missing_page_geometry_without_fallback_fails_cleanly PASSED [ 63%]
tests/test_docling_standard_mapper.py::test_docx_page_fallback_produces_valid_unit_with_diagnostic PASSED [ 63%]
tests/test_docling_standard_mapper.py::test_no_usable_geometry_at_all_fails_without_fabricating_a_unit PASSED [ 64%]
tests/test_docling_standard_mapper.py::test_canonical_document_construction_failure_is_reported_not_raised PASSED [ 64%]
tests/test_docling_standard_mapper.py::test_deterministic_ids_across_two_mapper_runs PASSED [ 64%]
tests/test_docling_standard_mapper.py::test_source_sha256_and_relative_path_carried_through_unchanged PASSED [ 64%]
tests/test_docling_standard_mapper.py::test_canonical_and_chunking_packages_have_no_docling_imports PASSED [ 64%]
tests/test_docling_standard_mapper.py::test_mapper_and_adapter_never_import_manifest_modules PASSED [ 65%]
tests/test_evaluation_aggregation.py::test_aggregate_metrics_by_format_sums_numerator_and_denominator PASSED [ 65%]
tests/test_evaluation_aggregation.py::test_aggregate_metrics_by_format_never_forces_score_when_all_denominators_zero PASSED [ 65%]
tests/test_evaluation_aggregation.py::test_aggregate_metrics_by_format_mixed_denominators_still_sums_correctly PASSED [ 65%]
tests/test_evaluation_aggregation.py::test_build_aggregate_counts_misses_by_classification PASSED [ 65%]
tests/test_evaluation_aggregation.py::test_build_evaluation_run_is_deterministic PASSED [ 66%]
tests/test_evaluation_aggregation.py::test_build_evaluation_run_id_changes_with_different_input_file_hash PASSED [ 66%]
tests/test_evaluation_aggregation.py::test_evaluation_content_hash_stable_for_identical_inputs_and_results PASSED [ 66%]
tests/test_evaluation_aggregation.py::test_evaluation_content_hash_unaffected_by_generated_at PASSED [ 66%]
tests/test_evaluation_aggregation.py::test_evaluation_content_hash_changes_with_a_metric_change PASSED [ 66%]
tests/test_evaluation_aggregation.py::test_evaluation_content_hash_changes_with_an_evidence_alignment_change PASSED [ 67%]
tests/test_evaluation_aggregation.py::test_evaluation_content_hash_changes_with_an_input_artifact_hash_change PASSED [ 67%]
tests/test_evaluation_aggregation.py::test_evaluation_content_hash_changes_with_evaluator_version PASSED [ 67%]
tests/test_evaluation_aggregation.py::test_miss_ledger_contains_every_scored_miss PASSED [ 67%]
tests/test_evaluation_aggregation.py::test_evidence_alignment_catalog_contains_every_matched_fact PASSED [ 68%]
tests/test_evaluation_aggregation.py::test_scorecard_markdown_renders_na_for_zero_denominator_never_zero_percent PASSED [ 68%]
tests/test_evaluation_aggregation.py::test_scorecard_and_json_come_from_the_same_run_object PASSED [ 68%]
tests/test_evaluation_aggregation.py::test_scorecard_markdown_lists_every_fixture PASSED [ 68%]
tests/test_evaluation_identifier_occurrence.py::test_missing_occurrence_is_not_satisfied_by_an_extra_occurrence_in_a_distractor_paragraph PASSED [ 68%]
tests/test_evaluation_identifier_occurrence.py::test_occurrence_recall_never_globally_counts_and_caps PASSED [ 69%]
tests/test_evaluation_identifier_occurrence.py::test_unique_recall_is_true_when_at_least_one_occurrence_matches PASSED [ 69%]
tests/test_evaluation_identifier_occurrence.py::test_missing_visual_node_occurrence_is_not_mapper_loss_from_an_unrelated_paragraph_mention PASSED [ 69%]
tests/test_evaluation_identifier_occurrence.py::test_missing_visual_node_occurrence_is_mapper_loss_when_picture_child_ocr_explicitly_has_it PASSED [ 69%]
tests/test_evaluation_matcher.py::test_find_exact_text_matches_whole_value_only_not_substring PASSED [ 69%]
tests/test_evaluation_matcher.py::test_find_exact_text_matches_exact_whole_text PASSED [ 70%]
tests/test_evaluation_matcher.py::test_find_exact_text_matches_case_insensitive_by_default PASSED [ 70%]
tests/test_evaluation_matcher.py::test_find_identifier_matches_returns_element_and_occurrence_count PASSED [ 70%]
tests/test_evaluation_matcher.py::test_find_identifier_matches_excludes_boundary_unsafe_hits PASSED [ 70%]
tests/test_evaluation_matcher.py::test_total_identifier_occurrences_sums_across_elements PASSED [ 70%]
tests/test_evaluation_matcher.py::test_unique_vs_occurrence_level_scoring_are_distinct_by_construction PASSED [ 71%]
tests/test_evaluation_models.py::test_metric_result_accepts_consistent_score PASSED [ 71%]
tests/test_evaluation_models.py::test_metric_result_rejects_score_when_denominator_zero PASSED [ 71%]
tests/test_evaluation_models.py::test_metric_result_score_none_when_denominator_zero_is_valid PASSED [ 71%]
tests/test_evaluation_models.py::test_metric_result_requires_score_when_denominator_positive PASSED [ 72%]
tests/test_evaluation_models.py::test_metric_result_rejects_numerator_greater_than_denominator PASSED [ 72%]
tests/test_evaluation_models.py::test_metric_result_rejects_incorrect_score PASSED [ 72%]
tests/test_evaluation_models.py::test_metric_result_rejects_nan_score PASSED [ 72%]
tests/test_evaluation_models.py::test_metric_result_rejects_infinite_score PASSED [ 72%]
tests/test_evaluation_models.py::test_metric_result_rejects_negative_numerator PASSED [ 73%]
tests/test_evaluation_models.py::test_metric_result_forbids_extra_fields PASSED [ 73%]
tests/test_evaluation_models.py::test_miss_record_requires_portable_fixture PASSED [ 73%]
tests/test_evaluation_models.py::test_miss_record_mapper_loss_requires_raw_docling_reference PASSED [ 73%]
tests/test_evaluation_models.py::test_miss_record_mapper_loss_accepted_with_raw_docling_reference PASSED [ 73%]
tests/test_evaluation_models.py::test_miss_record_rejects_unknown_failure_class PASSED [ 74%]
tests/test_evaluation_models.py::test_fixture_evaluation_result_rejects_duplicate_evidence_alignment_fact_ids PASSED [ 74%]
tests/test_evaluation_models.py::test_fixture_evaluation_result_accepts_unique_evidence_alignment_fact_ids PASSED [ 74%]
tests/test_evaluation_models.py::test_fixture_evaluation_result_forbids_extra_fields PASSED [ 74%]
tests/test_evaluation_models.py::test_evaluation_run_rejects_duplicate_fixtures PASSED [ 74%]
tests/test_evaluation_models.py::test_evaluation_run_rejects_malformed_hash_fields[run_id] PASSED [ 75%]
tests/test_evaluation_models.py::test_evaluation_run_rejects_malformed_hash_fields[input_bundle_hash] PASSED [ 75%]
tests/test_evaluation_models.py::test_evaluation_run_rejects_malformed_hash_fields[evaluation_content_hash] PASSED [ 75%]
tests/test_evaluation_models.py::test_evaluation_run_rejects_malformed_hash_fields[manifest_sha256] PASSED [ 75%]
tests/test_evaluation_models.py::test_evaluation_run_rejects_malformed_hash_fields[stage5a_results_sha256] PASSED [ 76%]
tests/test_evaluation_models.py::test_evaluation_run_accepts_well_formed_hash_fields PASSED [ 76%]
tests/test_evaluation_models.py::test_operational_evidence_rejects_malformed_required_hash_fields[canonical_document_hash] PASSED [ 76%]
tests/test_evaluation_models.py::test_operational_evidence_rejects_malformed_required_hash_fields[canonical_document_file_sha256] PASSED [ 76%]
tests/test_evaluation_models.py::test_operational_evidence_rejects_malformed_required_hash_fields[conversion_report_file_sha256] PASSED [ 76%]
tests/test_evaluation_models.py::test_operational_evidence_rejects_malformed_optional_hash_fields_when_present[canonical_chunks_file_sha256] PASSED [ 77%]
tests/test_evaluation_models.py::test_operational_evidence_rejects_malformed_optional_hash_fields_when_present[raw_docling_debug_file_sha256] PASSED [ 77%]
tests/test_evaluation_models.py::test_operational_evidence_accepts_none_for_optional_hash_fields PASSED [ 77%]
tests/test_evaluation_normalization.py::test_collapse_whitespace_collapses_runs_and_strips_lines PASSED [ 77%]
tests/test_evaluation_normalization.py::test_normalize_linebreaks_converts_crlf_and_cr_to_lf PASSED [ 77%]
tests/test_evaluation_normalization.py::test_normalize_text_for_comparison_case_folds_by_default PASSED [ 78%]
tests/test_evaluation_normalization.py::test_normalize_text_for_comparison_case_sensitive_when_requested PASSED [ 78%]
tests/test_evaluation_normalization.py::test_normalize_text_for_comparison_preserves_punctuation PASSED [ 78%]
tests/test_evaluation_normalization.py::test_texts_match_exact_after_normalization PASSED [ 78%]
tests/test_evaluation_normalization.py::test_texts_match_false_for_different_text PASSED [ 78%]
tests/test_evaluation_normalization.py::test_texts_match_whitespace_and_linebreak_insensitive PASSED [ 79%]
tests/test_evaluation_normalization.py::test_identifier_present_exact_match PASSED [ 79%]
tests/test_evaluation_normalization.py::test_identifier_boundary_c88_never_matches_inside_c88a PASSED [ 79%]
tests/test_evaluation_normalization.py::test_identifier_boundary_c88a_never_matches_for_a_search_of_c88a_variant PASSED [ 79%]
tests/test_evaluation_normalization.py::test_identifier_boundary_app224510_never_matches_app224499 PASSED [ 80%]
tests/test_evaluation_normalization.py::test_identifier_present_is_case_sensitive PASSED [ 80%]
tests/test_evaluation_normalization.py::test_find_identifier_occurrences_counts_multiple_occurrences_in_one_text PASSED [ 80%]
tests/test_evaluation_normalization.py::test_find_identifier_occurrences_respects_start_and_end_boundaries PASSED [ 80%]
tests/test_evaluation_normalization.py::test_identifier_boundary_no_match_when_directly_adjacent_to_alnum PASSED [ 80%]
tests/test_evaluation_normalization.py::test_ocr_phrase_recovered_exact_single_line_match PASSED [ 81%]
tests/test_evaluation_normalization.py::test_ocr_phrase_recovered_case_insensitive_and_whitespace_normalized PASSED [ 81%]
tests/test_evaluation_normalization.py::test_ocr_phrase_rejects_a_short_fragment_as_full_recovery_of_a_longer_phrase PASSED [ 81%]
tests/test_evaluation_normalization.py::test_ocr_phrase_recovered_via_adjacent_ordered_fragment_reconstruction PASSED [ 81%]
tests/test_evaluation_normalization.py::test_ocr_phrase_not_recovered_from_non_adjacent_fragments_out_of_order PASSED [ 81%]
tests/test_evaluation_normalization.py::test_ocr_phrase_not_recovered_when_fragments_share_no_real_adjacency PASSED [ 82%]
tests/test_evaluation_normalization.py::test_ocr_phrase_recovered_handles_missing_sequence_gracefully PASSED [ 82%]
tests/test_evaluation_table_matching.py::test_best_candidate_table_selected_not_first_exceeding_threshold PASSED [ 82%]
tests/test_evaluation_table_matching.py::test_duplicate_observed_cell_value_cannot_satisfy_two_expected_cells PASSED [ 82%]
tests/test_evaluation_table_matching.py::test_one_evidence_alignment_per_expected_cell PASSED [ 82%]
tests/test_evaluation_table_matching.py::test_no_candidate_table_records_missing_alignment_for_every_cell PASSED [ 83%]
tests/test_evaluation_visual_claims.py::test_a_correct_supported_visual_fact_does_not_fail_an_unrelated_unsupported_claim PASSED [ 83%]
tests/test_evaluation_visual_claims.py::test_the_unsupported_claim_itself_present_fails_only_that_claim PASSED [ 83%]
tests/test_evaluation_visual_claims.py::test_two_different_unsupported_claims_only_the_asserted_one_fails PASSED [ 83%]
tests/test_evaluation_visual_claims.py::test_real_manifest_cu_001_carries_full_structured_fields_through_the_catalog PASSED [ 84%]
tests/test_evaluation_visual_claims.py::test_real_manifest_catalog_scored_against_an_unrelated_visual_fact_stays_100_percent PASSED [ 84%]
tests/test_evaluation_visual_claims.py::test_real_manifest_catalog_scored_against_cu_001_itself_flags_only_cu_001 PASSED [ 84%]
tests/test_fixture_generation.py::test_all_expected_files_exist PASSED   [ 84%]
tests/test_fixture_generation.py::test_manifest_schema_validates_and_is_frozen PASSED [ 84%]
tests/test_fixture_generation.py::test_parity_docx_has_exactly_one_page_break PASSED [ 85%]
tests/test_fixture_generation.py::test_parity_pdf_has_two_pages PASSED   [ 85%]
tests/test_fixture_generation.py::test_parity_pptx_has_two_slides PASSED [ 85%]
tests/test_fixture_generation.py::test_stress_scanned_pdf_has_one_page PASSED [ 85%]
tests/test_fixture_generation.py::test_stress_chart_pdf_has_one_page PASSED [ 85%]
tests/test_fixture_generation.py::test_parity_docx_headings_match_manifest PASSED [ 86%]
tests/test_fixture_generation.py::test_parity_docx_paragraphs_include_manifest_text PASSED [ 86%]
tests/test_fixture_generation.py::test_parity_docx_table_cells_match_manifest PASSED [ 86%]
tests/test_fixture_generation.py::test_parity_pptx_table_cells_match_manifest PASSED [ 86%]
tests/test_fixture_generation.py::test_parity_pdf_text_includes_manifest_facts PASSED [ 86%]
tests/test_fixture_generation.py::test_stress_docx_nested_headings_and_lists PASSED [ 87%]
tests/test_fixture_generation.py::test_stress_pdf_two_column_and_merged_table PASSED [ 87%]
tests/test_fixture_generation.py::test_stress_pptx_overlapping_textboxes_both_present_with_z_order PASSED [ 87%]
tests/test_fixture_generation.py::test_stress_pptx_overlapping_textboxes_both_exist PASSED [ 87%]
tests/test_fixture_generation.py::test_stress_pptx_overlapping_textboxes_rectangles_intersect PASSED [ 88%]
tests/test_fixture_generation.py::test_stress_pptx_overlapping_textboxes_positions_not_identical PASSED [ 88%]
tests/test_fixture_generation.py::test_stress_pptx_overlapping_textboxes_foreground_has_opaque_fill PASSED [ 88%]
tests/test_fixture_generation.py::test_stress_pptx_native_diagram_shapes_and_connectors PASSED [ 88%]
tests/test_fixture_generation.py::test_stress_pptx_native_diagram_connectors_reference_correct_shapes_and_have_arrowheads PASSED [ 88%]
tests/test_fixture_generation.py::test_shared_image_byte_identical_in_docx_and_pptx PASSED [ 89%]
tests/test_fixture_generation.py::test_shared_image_pixel_identical_in_pdf PASSED [ 89%]
tests/test_fixture_generation.py::test_chart_image_matches_manifest_numeric_facts PASSED [ 89%]
tests/test_fixture_generation.py::test_chart_image_changes_if_manifest_values_change PASSED [ 89%]
tests/test_fixture_generation.py::test_chart_pdf_embeds_the_chart_image PASSED [ 89%]
tests/test_fixture_generation.py::test_scanned_pdf_has_no_glyph_showing_operators PASSED [ 90%]
tests/test_fixture_generation.py::test_scanned_pdf_has_no_extractable_text_fragments PASSED [ 90%]
tests/test_fixture_generation.py::test_scanned_pdf_embeds_an_image PASSED [ 90%]
tests/test_fixture_generation.py::test_parity_and_stress_pdfs_do_have_glyph_operators PASSED [ 90%]
tests/test_fixture_generation.py::test_regeneration_is_byte_deterministic PASSED [ 90%]
tests/test_fixture_generation.py::test_regeneration_produces_same_manifest_sha256 PASSED [ 91%]
tests/test_fixture_generation.py::test_generation_report_excludes_itself PASSED [ 91%]
tests/test_fixture_generation.py::test_generation_report_lists_exactly_the_12_benchmark_artifacts PASSED [ 91%]
tests/test_fixture_generation.py::test_generation_report_hashes_match_files_on_disk PASSED [ 91%]
tests/test_fixture_generation.py::test_generation_report_keys_contain_no_backslashes PASSED [ 92%]
tests/test_fixture_generation.py::test_parity_pptx_slide1_shapes_do_not_overlap PASSED [ 92%]
tests/test_fixture_generation.py::test_generator_source_has_no_llm_or_network_calls PASSED [ 92%]
tests/test_run_docling_standard_report.py::test_baseline_markdown_reflects_the_same_results_object PASSED [ 92%]
tests/test_run_docling_standard_report.py::test_baseline_markdown_reflects_structured_determinism_results PASSED [ 92%]
tests/test_run_docling_standard_report.py::test_baseline_markdown_never_contains_an_absolute_windows_path PASSED [ 93%]
tests/test_stage6a_integration.py::test_all_nine_fixtures_evaluate_without_error PASSED [ 93%]
tests/test_stage6a_integration.py::test_every_fixture_has_at_least_one_metric PASSED [ 93%]
tests/test_stage6a_integration.py::test_parity_text_fact_recall_is_perfect_for_all_three_formats PASSED [ 93%]
tests/test_stage6a_integration.py::test_pdf_heading_level_degradation_is_a_real_measured_finding PASSED [ 93%]
tests/test_stage6a_integration.py::test_pptx_heading_classification_loss_is_a_real_measured_finding PASSED [ 94%]
tests/test_stage6a_integration.py::test_docx_pptx_caption_linkage_known_limitation_is_measured PASSED [ 94%]
tests/test_stage6a_integration.py::test_identifier_boundary_c88_vs_c88a_never_falsely_merged_on_real_data PASSED [ 94%]
tests/test_stage6a_integration.py::test_stress_docx_nested_list_indentation_known_limitation_is_measured PASSED [ 94%]
tests/test_stage6a_integration.py::test_stress_chart_ocr_recall_is_recorded_as_evaluation_contract_insufficient PASSED [ 94%]
tests/test_stage6a_integration.py::test_no_invented_diagram_relationships_for_pptx_native_diagram PASSED [ 95%]
tests/test_stage6a_integration.py::test_evaluator_does_not_modify_any_stage5a_artifact PASSED [ 95%]
tests/test_stage6a_integration.py::test_evaluator_output_is_deterministic_across_two_runs PASSED [ 95%]
tests/test_stage6a_integration.py::test_every_matched_expected_fact_has_an_evidence_alignment_entry PASSED [ 95%]
tests/test_stage6a_integration.py::test_every_metric_deficit_is_represented_in_the_miss_ledger PASSED [ 96%]
tests/test_stage6a_integration.py::test_supporting_misses_on_metric_result_reference_real_miss_records PASSED [ 96%]
tests/test_stage6a_integration.py::test_manifest_sha256_matches_frozen_generation_report PASSED [ 96%]
tests/test_stage6a_integration.py::test_no_evidence_alignment_ever_has_a_retrieval_difficulty_assigned PASSED [ 96%]
tests/test_stage6a_integration.py::test_duplication_metric_is_higher_is_better_and_renamed PASSED [ 96%]
tests/test_stage6a_integration.py::test_operational_determinism_populated_for_parity_never_silently_null PASSED [ 97%]
tests/test_stage6a_integration.py::test_operational_carries_valid_input_file_hashes PASSED [ 97%]
tests/test_stage6a_integration.py::test_input_bundle_hash_changes_when_any_artifact_file_changes PASSED [ 97%]
tests/test_stage6a_integration.py::test_adapters_canonical_chunking_never_reference_the_manifest PASSED [ 97%]
tests/test_stage6a_integration.py::test_evaluation_package_is_the_only_package_referencing_the_manifest PASSED [ 97%]
tests/test_stage6a_integration.py::test_evaluation_package_has_no_network_or_llm_imports PASSED [ 98%]
tests/test_stage6a_integration.py::test_evaluation_package_has_no_docling_or_vision_or_embedding_imports PASSED [ 98%]
tests/test_stage6a_report_generation.py::test_scorecard_and_results_are_traceable_to_one_run_object PASSED [ 98%]
tests/test_stage6a_report_generation.py::test_every_scored_miss_appears_in_the_miss_ledger PASSED [ 98%]
tests/test_stage6a_report_generation.py::test_every_matched_expected_fact_has_an_evidence_alignment_entry_in_the_catalog PASSED [ 98%]
tests/test_stage6a_report_generation.py::test_miss_ledger_classification_counts_match_aggregate PASSED [ 99%]
tests/test_stage6a_report_generation.py::test_scorecard_markdown_contains_the_required_table_columns PASSED [ 99%]
tests/test_stage6a_report_generation.py::test_scorecard_never_claims_retrieval_or_answer_quality_was_measured PASSED [ 99%]
tests/test_stage6a_report_generation.py::test_run_output_never_contains_an_absolute_windows_path PASSED [ 99%]
tests/test_stage6a_report_generation.py::test_evaluator_never_produces_a_model_derived_annotation_backed_alignment PASSED [100%]

============================== warnings summary ===============================
tests/test_docling_standard_adapter.py::test_source_sha256_matches_exact_file_bytes
tests/test_docling_standard_integration.py::test_parity_conversion_succeeds_and_validates[parity/PARITY_001.pdf]
  C:\Users\Admin\dev\er-lab\.venv\Lib\site-packages\docling\models\stages\ocr\rapid_ocr_model.py:430: DeprecationWarning: deprecated
    if self.options.rec_font_path is not None:

tests/test_docling_standard_mapper.py::test_list_item_with_no_explicit_group_still_maps_with_sensible_default
  C:\Users\Admin\dev\er-lab\.venv\Lib\site-packages\docling_core\types\doc\document.py:1460: DeprecationWarning: ListItem parent must be a list group, creating one on the fly.
    warnings.warn(

-- Docs: https://docs.pytest.org/en/stable/how-to/capture-warnings.html
================= 475 passed, 3 warnings in 138.64s (0:02:18) =================
