============================= test session starts =============================
platform win32 -- Python 3.13.9, pytest-9.1.1, pluggy-1.6.0 -- C:\Users\Admin\dev\er-lab\.venv\Scripts\python.exe
cachedir: .pytest_cache
rootdir: C:\Users\Admin\dev\er-lab
configfile: pytest.ini
plugins: anyio-4.14.1
collecting ... collected 244 items

tests/test_canonical_hashing.py::test_stable_hash_is_sha256_hex PASSED   [  0%]
tests/test_canonical_hashing.py::test_stable_hash_deterministic_across_fresh_instances PASSED [  0%]
tests/test_canonical_hashing.py::test_stable_hash_changes_with_content PASSED [  1%]
tests/test_canonical_hashing.py::test_compute_manifest_sha256_deterministic PASSED [  1%]
tests/test_canonical_hashing.py::test_compute_manifest_sha256_ignores_existing_hash_field PASSED [  2%]
tests/test_canonical_hashing.py::test_compute_manifest_sha256_differs_for_different_content PASSED [  2%]
tests/test_canonical_hashing.py::test_compute_manifest_sha256_key_order_independent PASSED [  2%]
tests/test_canonical_hashing.py::test_frozen_manifest_hash_is_computable_and_deterministic PASSED [  3%]
tests/test_canonical_hashing.py::test_frozen_manifest_has_no_self_embedded_hash PASSED [  3%]
tests/test_canonical_hashing.py::test_canonical_hash_independent_of_benchmark_binding PASSED [  4%]
tests/test_canonical_hashing.py::test_benchmark_binding_rejects_non_hex_manifest_sha256 PASSED [  4%]
tests/test_canonical_hashing.py::test_benchmark_binding_rejects_non_hex_canonical_document_hash PASSED [  4%]
tests/test_canonical_hashing.py::test_benchmark_binding_rejects_wrong_length_hash PASSED [  5%]
tests/test_canonical_hashing.py::test_benchmark_binding_rejects_uppercase_hash PASSED [  5%]
tests/test_canonical_hashing.py::test_canonical_document_rejects_non_hex_source_sha256 PASSED [  6%]
tests/test_canonical_hashing.py::test_canonical_picture_rejects_non_hex_content_sha256 PASSED [  6%]
tests/test_canonical_hashing.py::test_stable_element_id_deterministic PASSED [  6%]
tests/test_canonical_hashing.py::test_stable_element_id_changes_with_identity_components PASSED [  7%]
tests/test_canonical_hashing.py::test_stable_element_id_extra_dict_insertion_order_independent PASSED [  7%]
tests/test_canonical_hashing.py::test_stable_element_id_is_sha256_hex PASSED [  8%]
tests/test_canonical_hashing.py::test_hashing_module_does_not_use_uuid4_or_builtin_hash PASSED [  8%]
tests/test_canonical_schema.py::test_valid_document_constructs PASSED    [  9%]
tests/test_canonical_schema.py::test_canonical_document_has_no_manifest_fields PASSED [  9%]
tests/test_canonical_schema.py::test_annotation_discriminated_union_parses_raw_dicts PASSED [  9%]
tests/test_canonical_schema.py::test_unknown_annotation_type_rejected PASSED [ 10%]
tests/test_canonical_schema.py::test_bbox_coordinate_unit_mismatch_rejected PASSED [ 10%]
tests/test_canonical_schema.py::test_bbox_coordinate_origin_mismatch_rejected PASSED [ 11%]
tests/test_canonical_schema.py::test_bbox_unknown_unit_index_rejected PASSED [ 11%]
tests/test_canonical_schema.py::test_unit_index_unknown_rejected_even_without_bbox PASSED [ 11%]
tests/test_canonical_schema.py::test_diagram_node_bbox_coordinate_mismatch_rejected PASSED [ 12%]
tests/test_canonical_schema.py::test_diagram_edge_unresolved_node_id_rejected PASSED [ 12%]
tests/test_canonical_schema.py::test_diagram_edge_resolved_node_id_accepted PASSED [ 13%]
tests/test_canonical_schema.py::test_caption_unresolved_target_picture_rejected PASSED [ 13%]
tests/test_canonical_schema.py::test_list_item_unresolved_parent_rejected PASSED [ 13%]
tests/test_canonical_schema.py::test_list_item_resolved_parent_accepted PASSED [ 14%]
tests/test_canonical_schema.py::test_annotation_target_ref_unresolved_rejected PASSED [ 14%]
tests/test_canonical_schema.py::test_table_cell_row_out_of_bounds_rejected PASSED [ 15%]
tests/test_canonical_schema.py::test_table_cell_col_out_of_bounds_rejected PASSED [ 15%]
tests/test_canonical_schema.py::test_table_cell_span_exceeds_bounds_rejected PASSED [ 15%]
tests/test_canonical_schema.py::test_duplicate_block_id_rejected PASSED  [ 16%]
tests/test_canonical_schema.py::test_duplicate_picture_id_rejected PASSED [ 16%]
tests/test_canonical_schema.py::test_duplicate_annotation_id_rejected PASSED [ 17%]
tests/test_canonical_schema.py::test_duplicate_diagram_node_id_rejected PASSED [ 17%]
tests/test_canonical_schema.py::test_absolute_source_relative_path_rejected PASSED [ 18%]
tests/test_canonical_schema.py::test_windows_absolute_source_relative_path_rejected PASSED [ 18%]
tests/test_canonical_schema.py::test_backslash_source_relative_path_rejected PASSED [ 18%]
tests/test_canonical_schema.py::test_absolute_artifact_ref_rejected PASSED [ 19%]
tests/test_canonical_schema.py::test_windows_absolute_artifact_ref_rejected PASSED [ 19%]
tests/test_canonical_schema.py::test_empty_artifact_ref_rejected PASSED  [ 20%]
tests/test_canonical_schema.py::test_empty_source_relative_path_rejected PASSED [ 20%]
tests/test_canonical_schema.py::test_traversal_source_relative_path_rejected PASSED [ 20%]
tests/test_canonical_schema.py::test_traversal_artifact_ref_rejected PASSED [ 21%]
tests/test_canonical_schema.py::test_source_filename_with_slash_rejected PASSED [ 21%]
tests/test_canonical_schema.py::test_source_filename_with_backslash_rejected PASSED [ 22%]
tests/test_canonical_schema.py::test_source_filename_empty_rejected PASSED [ 22%]
tests/test_canonical_schema.py::test_source_sha256_rejects_non_hex PASSED [ 22%]
tests/test_canonical_schema.py::test_source_sha256_rejects_wrong_length PASSED [ 23%]
tests/test_canonical_schema.py::test_source_sha256_rejects_uppercase PASSED [ 23%]
tests/test_canonical_schema.py::test_content_sha256_rejects_non_hex PASSED [ 24%]
tests/test_canonical_schema.py::test_bbox_x1_less_than_x0_rejected PASSED [ 24%]
tests/test_canonical_schema.py::test_bbox_y1_less_than_y0_rejected PASSED [ 25%]
tests/test_canonical_schema.py::test_bbox_equal_x0_x1_accepted PASSED    [ 25%]
tests/test_canonical_schema.py::test_bbox_rejects_non_finite_values PASSED [ 25%]
tests/test_canonical_schema.py::test_normalized_bbox_valid_range_accepted PASSED [ 26%]
tests/test_canonical_schema.py::test_normalized_bbox_out_of_range_rejected PASSED [ 26%]
tests/test_canonical_schema.py::test_normalized_bbox_x_ordering_rejected PASSED [ 27%]
tests/test_canonical_schema.py::test_normalized_bbox_y_ordering_rejected PASSED [ 27%]
tests/test_canonical_schema.py::test_negative_unit_index_rejected PASSED [ 27%]
tests/test_canonical_schema.py::test_zero_width_unit_rejected PASSED     [ 28%]
tests/test_canonical_schema.py::test_zero_height_unit_rejected PASSED    [ 28%]
tests/test_canonical_schema.py::test_duplicate_unit_index_rejected PASSED [ 29%]
tests/test_canonical_schema.py::test_negative_order_index_rejected PASSED [ 29%]
tests/test_canonical_schema.py::test_heading_level_zero_rejected PASSED  [ 29%]
tests/test_canonical_schema.py::test_list_item_negative_indent_level_rejected PASSED [ 30%]
tests/test_canonical_schema.py::test_table_zero_rows_rejected PASSED     [ 30%]
tests/test_canonical_schema.py::test_table_zero_cols_rejected PASSED     [ 31%]
tests/test_canonical_schema.py::test_table_cell_negative_row_rejected PASSED [ 31%]
tests/test_canonical_schema.py::test_table_cell_negative_col_rejected PASSED [ 31%]
tests/test_canonical_schema.py::test_table_cell_zero_row_span_rejected PASSED [ 32%]
tests/test_canonical_schema.py::test_table_cell_zero_col_span_rejected PASSED [ 32%]
tests/test_canonical_schema.py::test_provenance_unresolved_element_id_rejected PASSED [ 33%]
tests/test_canonical_schema.py::test_provenance_resolves_to_core_element PASSED [ 33%]
tests/test_canonical_schema.py::test_provenance_resolves_to_annotation_id PASSED [ 34%]
tests/test_canonical_schema.py::test_block_id_colliding_with_picture_id_rejected PASSED [ 34%]
tests/test_canonical_schema.py::test_table_id_colliding_with_block_id_rejected PASSED [ 34%]
tests/test_canonical_schema.py::test_annotation_negative_unit_index_rejected PASSED [ 35%]
tests/test_canonical_schema.py::test_annotation_confidence_out_of_range_rejected PASSED [ 35%]
tests/test_canonical_schema.py::test_annotation_confidence_none_accepted PASSED [ 36%]
tests/test_canonical_schema.py::test_annotation_confidence_in_range_accepted PASSED [ 36%]
tests/test_canonical_schema.py::test_annotation_rejects_unexpected_extra_field PASSED [ 36%]
tests/test_canonical_schema.py::test_identifier_char_offsets_both_none_accepted PASSED [ 37%]
tests/test_canonical_schema.py::test_identifier_char_offsets_both_populated_accepted PASSED [ 37%]
tests/test_canonical_schema.py::test_identifier_char_offsets_only_start_rejected PASSED [ 38%]
tests/test_canonical_schema.py::test_identifier_char_offsets_only_end_rejected PASSED [ 38%]
tests/test_canonical_schema.py::test_identifier_char_offsets_start_after_end_rejected PASSED [ 38%]
tests/test_canonical_schema.py::test_identifier_char_offsets_negative_start_rejected PASSED [ 39%]
tests/test_canonical_schema.py::test_identifier_char_offsets_equal_start_end_accepted PASSED [ 39%]
tests/test_canonical_schema.py::test_ocr_annotation_defaults_to_extracted PASSED [ 40%]
tests/test_canonical_schema.py::test_ocr_annotation_rejects_model_derived PASSED [ 40%]
tests/test_canonical_schema.py::test_visible_text_annotation_defaults_to_model_derived PASSED [ 40%]
tests/test_canonical_schema.py::test_visible_text_annotation_rejects_extracted PASSED [ 41%]
tests/test_canonical_schema.py::test_image_description_annotation_rejects_extracted PASSED [ 41%]
tests/test_canonical_schema.py::test_image_description_annotation_defaults_to_model_derived PASSED [ 42%]
tests/test_canonical_schema.py::test_visual_fact_annotation_rejects_extracted PASSED [ 42%]
tests/test_canonical_schema.py::test_visual_fact_annotation_defaults_to_model_derived PASSED [ 43%]
tests/test_canonical_schema.py::test_diagram_node_annotation_accepts_extracted PASSED [ 43%]
tests/test_canonical_schema.py::test_diagram_node_annotation_accepts_model_derived PASSED [ 43%]
tests/test_canonical_schema.py::test_diagram_edge_annotation_accepts_extracted PASSED [ 44%]
tests/test_chunking.py::test_repeated_runs_produce_byte_equivalent_serialized_chunks PASSED [ 44%]
tests/test_chunking.py::test_chunk_ids_and_content_hashes_are_deterministic PASSED [ 45%]
tests/test_chunking.py::test_changing_source_content_changes_content_hash PASSED [ 45%]
tests/test_chunking.py::test_unchanged_content_same_doc_id_gives_identical_hash PASSED [ 45%]
tests/test_chunking.py::test_changing_config_changes_config_hash PASSED  [ 46%]
tests/test_chunking.py::test_smaller_max_chars_changes_chunk_boundaries PASSED [ 46%]
tests/test_chunking.py::test_text_chunk_preserves_paragraph_order PASSED [ 47%]
tests/test_chunking.py::test_paragraph_order_independent_of_input_list_order PASSED [ 47%]
tests/test_chunking.py::test_chunks_do_not_cross_unit_boundaries_by_default PASSED [ 47%]
tests/test_chunking.py::test_cross_unit_boundaries_true_merges_when_enabled PASSED [ 48%]
tests/test_chunking.py::test_heading_hierarchy_included_correctly PASSED [ 48%]
tests/test_chunking.py::test_sibling_heading_replaces_deeper_heading_in_path PASSED [ 49%]
tests/test_chunking.py::test_heading_with_no_following_content_gets_standalone_chunk PASSED [ 49%]
tests/test_chunking.py::test_heading_with_content_does_not_get_standalone_chunk PASSED [ 50%]
tests/test_chunking.py::test_nested_list_order_and_indentation_preserved PASSED [ 50%]
tests/test_chunking.py::test_table_becomes_standalone_chunk_with_all_cells_and_spans PASSED [ 50%]
tests/test_chunking.py::test_table_as_standalone_false_merges_with_surrounding_text PASSED [ 51%]
tests/test_chunking.py::test_picture_combined_with_caption PASSED        [ 51%]
tests/test_chunking.py::test_caption_not_duplicated_as_standalone_chunk PASSED [ 52%]
tests/test_chunking.py::test_source_text_and_model_derived_text_remain_separate PASSED [ 52%]
tests/test_chunking.py::test_model_derived_annotations_excluded_from_retrieval_text_when_configured_off PASSED [ 52%]
tests/test_chunking.py::test_ocr_annotation_is_source_visible_text_annotation_is_model_derived PASSED [ 53%]
tests/test_chunking.py::test_identifier_annotation_not_duplicated_into_text PASSED [ 53%]
tests/test_chunking.py::test_diagram_nodes_and_edges_render_deterministically PASSED [ 54%]
tests/test_chunking.py::test_extracted_diagram_nodes_render_as_source_text PASSED [ 54%]
tests/test_chunking.py::test_split_oversized_text_algorithm_is_documented_and_deterministic PASSED [ 54%]
tests/test_chunking.py::test_split_oversized_text_falls_back_to_whitespace_for_long_sentence PASSED [ 55%]
tests/test_chunking.py::test_split_oversized_text_fragments_are_ordered_and_nonoverlapping PASSED [ 55%]
tests/test_chunking.py::test_split_oversized_text_empty_text_returns_single_zero_length_fragment PASSED [ 56%]
tests/test_chunking.py::test_oversized_paragraph_splits_deterministically_and_retains_source_id PASSED [ 56%]
tests/test_chunking.py::test_oversized_element_policy_keep_oversized_does_not_split PASSED [ 56%]
tests/test_chunking.py::test_no_empty_chunks_emitted PASSED              [ 57%]
tests/test_chunking.py::test_no_empty_chunks_across_full_document PASSED [ 57%]
tests/test_chunking.py::test_document_unchanged_after_chunking PASSED    [ 58%]
tests/test_chunking.py::test_chunk_json_round_trip PASSED                [ 58%]
tests/test_chunking.py::test_chunking_config_json_round_trip PASSED      [ 59%]
tests/test_chunking.py::test_chunking_source_has_no_forbidden_import_statements PASSED [ 59%]
tests/test_chunking.py::test_canonical_chunk_rejects_unexpected_field PASSED [ 59%]
tests/test_chunking.py::test_chunking_config_rejects_unexpected_field PASSED [ 60%]
tests/test_chunking.py::test_chunking_config_defaults_match_spec PASSED  [ 60%]
tests/test_chunking.py::test_canonical_sha256_is_deterministic_and_key_order_independent PASSED [ 61%]
tests/test_chunking.py::test_content_chunk_traces_heading_context_to_both_canonical_elements PASSED [ 61%]
tests/test_chunking.py::test_heading_own_annotations_are_not_silently_lost_when_popped_without_content PASSED [ 61%]
tests/test_chunking.py::test_active_heading_annotation_ids_propagate_into_content_chunks PASSED [ 62%]
tests/test_chunking.py::test_heading_source_refs_empty_when_no_active_heading PASSED [ 62%]
tests/test_chunking.py::test_sparse_table_renders_explicit_row_col_for_missing_cells PASSED [ 63%]
tests/test_chunking.py::test_table_cell_starting_at_nonzero_column_preserves_column_index PASSED [ 63%]
tests/test_chunking.py::test_table_rendering_independent_of_cell_input_order PASSED [ 63%]
tests/test_chunking.py::test_changing_bbox_changes_content_hash_and_chunk_id_when_text_unchanged PASSED [ 64%]
tests/test_chunking.py::test_changing_heading_bbox_changes_content_hash_via_heading_source_refs PASSED [ 64%]
tests/test_chunking.py::test_picture_with_caption_retains_asset_ref PASSED [ 65%]
tests/test_chunking.py::test_picture_with_ocr_retains_asset_ref PASSED   [ 65%]
tests/test_chunking.py::test_picture_with_model_derived_annotations_retains_asset_ref PASSED [ 65%]
tests/test_chunking.py::test_picture_with_no_textual_annotations_still_emits_asset_only_chunk PASSED [ 66%]
tests/test_chunking.py::test_chunk_source_ref_rejects_negative_unit_index PASSED [ 66%]
tests/test_chunking.py::test_chunk_source_ref_rejects_negative_order_index PASSED [ 67%]
tests/test_chunking.py::test_chunk_source_ref_rejects_non_literal_element_type PASSED [ 67%]
tests/test_chunking.py::test_chunk_asset_ref_rejects_malformed_sha256 PASSED [ 68%]
tests/test_chunking.py::test_canonical_chunk_rejects_uppercase_content_sha256 PASSED [ 68%]
tests/test_chunking.py::test_canonical_chunk_rejects_empty_unit_indices PASSED [ 68%]
tests/test_chunking.py::test_canonical_chunk_rejects_unsorted_unit_indices PASSED [ 69%]
tests/test_chunking.py::test_canonical_chunk_rejects_duplicate_unit_indices PASSED [ 69%]
tests/test_chunking.py::test_canonical_chunk_rejects_duplicate_source_element_ids PASSED [ 70%]
tests/test_chunking.py::test_canonical_chunk_rejects_duplicate_annotation_ids PASSED [ 70%]
tests/test_chunking.py::test_canonical_chunk_rejects_contains_model_derived_inconsistency PASSED [ 70%]
tests/test_chunking.py::test_max_chars_limits_source_text_packing_not_retrieval_text PASSED [ 71%]
tests/test_chunking.py::test_two_revisions_of_one_logical_document_share_logical_id_differ_in_revision_id PASSED [ 71%]
tests/test_chunking.py::test_identical_chunk_text_across_revisions_differs_in_chunk_id_shares_embedding_hash PASSED [ 72%]
tests/test_chunking.py::test_changing_only_provenance_changes_content_hash_but_not_embedding_hash PASSED [ 72%]
tests/test_chunking.py::test_identical_identity_components_give_same_document_revision_id PASSED [ 72%]
tests/test_chunking.py::test_different_source_sha256_gives_different_document_revision_id PASSED [ 73%]
tests/test_chunking.py::test_document_revision_context_rejects_non_deterministic_id PASSED [ 73%]
tests/test_chunking.py::test_chunk_document_rejects_source_sha256_mismatch PASSED [ 74%]
tests/test_chunking.py::test_no_mutable_revision_state_fields_on_canonical_chunk PASSED [ 74%]
tests/test_chunking.py::test_canonical_chunk_carries_revision_lineage_fields PASSED [ 75%]
tests/test_chunking.py::test_text_sha256_is_deterministic_and_content_sensitive PASSED [ 75%]
tests/test_chunking.py::test_repeated_sentence_paragraph_splits_without_duplicate_occurrence_error PASSED [ 75%]
tests/test_chunking.py::test_identifier_annotation_routed_to_later_fragment_by_offset PASSED [ 76%]
tests/test_chunking.py::test_chunk_source_ref_fragment_fields_default_to_none_when_not_split PASSED [ 76%]
tests/test_chunking.py::test_chunk_source_ref_rejects_unpaired_char_span PASSED [ 77%]
tests/test_chunking.py::test_chunk_source_ref_rejects_start_greater_than_end PASSED [ 77%]
tests/test_chunking.py::test_chunk_source_ref_rejects_negative_fragment_index PASSED [ 77%]
tests/test_chunking.py::test_text_fragment_rejects_start_greater_than_end PASSED [ 78%]
tests/test_chunking.py::test_heading_extracted_annotation_content_appears_in_body_chunk_source_text PASSED [ 78%]
tests/test_chunking.py::test_heading_model_derived_annotation_content_appears_in_model_derived_text_and_respects_config PASSED [ 79%]
tests/test_chunking.py::test_heading_annotation_content_reaches_standalone_lonely_heading_ancestor_chunk PASSED [ 79%]
tests/test_chunking.py::test_version_label_is_normalized_on_storage PASSED [ 79%]
tests/test_chunking.py::test_version_label_rejects_empty_after_strip PASSED [ 80%]
tests/test_chunking.py::test_logical_document_id_rejects_empty_after_strip PASSED [ 80%]
tests/test_chunking.py::test_equal_normalized_version_label_gives_identical_stored_lineage_and_chunk_metadata PASSED [ 81%]
tests/test_chunking.py::test_asset_only_picture_chunk_has_no_embedding_input_hash PASSED [ 81%]
tests/test_chunking.py::test_nontextual_picture_chunks_do_not_share_embedding_hash_of_empty_string PASSED [ 81%]
tests/test_chunking.py::test_nonempty_retrieval_text_chunk_has_embedding_input_hash PASSED [ 82%]
tests/test_chunking.py::test_canonical_chunk_allows_none_embedding_input_sha256_round_trip PASSED [ 82%]
tests/test_chunking.py::test_canonical_chunk_rejects_malformed_embedding_input_sha256_when_present PASSED [ 83%]
tests/test_chunking.py::test_canonical_chunk_rejects_malformed_chunk_id PASSED [ 83%]
tests/test_chunking.py::test_canonical_chunk_rejects_malformed_document_revision_id PASSED [ 84%]
tests/test_chunking.py::test_table_rendering_always_includes_header_and_span_defaults PASSED [ 84%]
tests/test_fixture_generation.py::test_all_expected_files_exist PASSED   [ 84%]
tests/test_fixture_generation.py::test_manifest_schema_validates_and_is_frozen PASSED [ 85%]
tests/test_fixture_generation.py::test_parity_docx_has_exactly_one_page_break PASSED [ 85%]
tests/test_fixture_generation.py::test_parity_pdf_has_two_pages PASSED   [ 86%]
tests/test_fixture_generation.py::test_parity_pptx_has_two_slides PASSED [ 86%]
tests/test_fixture_generation.py::test_stress_scanned_pdf_has_one_page PASSED [ 86%]
tests/test_fixture_generation.py::test_stress_chart_pdf_has_one_page PASSED [ 87%]
tests/test_fixture_generation.py::test_parity_docx_headings_match_manifest PASSED [ 87%]
tests/test_fixture_generation.py::test_parity_docx_paragraphs_include_manifest_text PASSED [ 88%]
tests/test_fixture_generation.py::test_parity_docx_table_cells_match_manifest PASSED [ 88%]
tests/test_fixture_generation.py::test_parity_pptx_table_cells_match_manifest PASSED [ 88%]
tests/test_fixture_generation.py::test_parity_pdf_text_includes_manifest_facts PASSED [ 89%]
tests/test_fixture_generation.py::test_stress_docx_nested_headings_and_lists PASSED [ 89%]
tests/test_fixture_generation.py::test_stress_pdf_two_column_and_merged_table PASSED [ 90%]
tests/test_fixture_generation.py::test_stress_pptx_overlapping_textboxes_both_present_with_z_order PASSED [ 90%]
tests/test_fixture_generation.py::test_stress_pptx_overlapping_textboxes_both_exist PASSED [ 90%]
tests/test_fixture_generation.py::test_stress_pptx_overlapping_textboxes_rectangles_intersect PASSED [ 91%]
tests/test_fixture_generation.py::test_stress_pptx_overlapping_textboxes_positions_not_identical PASSED [ 91%]
tests/test_fixture_generation.py::test_stress_pptx_overlapping_textboxes_foreground_has_opaque_fill PASSED [ 92%]
tests/test_fixture_generation.py::test_stress_pptx_native_diagram_shapes_and_connectors PASSED [ 92%]
tests/test_fixture_generation.py::test_stress_pptx_native_diagram_connectors_reference_correct_shapes_and_have_arrowheads PASSED [ 93%]
tests/test_fixture_generation.py::test_shared_image_byte_identical_in_docx_and_pptx PASSED [ 93%]
tests/test_fixture_generation.py::test_shared_image_pixel_identical_in_pdf PASSED [ 93%]
tests/test_fixture_generation.py::test_chart_image_matches_manifest_numeric_facts PASSED [ 94%]
tests/test_fixture_generation.py::test_chart_image_changes_if_manifest_values_change PASSED [ 94%]
tests/test_fixture_generation.py::test_chart_pdf_embeds_the_chart_image PASSED [ 95%]
tests/test_fixture_generation.py::test_scanned_pdf_has_no_glyph_showing_operators PASSED [ 95%]
tests/test_fixture_generation.py::test_scanned_pdf_has_no_extractable_text_fragments PASSED [ 95%]
tests/test_fixture_generation.py::test_scanned_pdf_embeds_an_image PASSED [ 96%]
tests/test_fixture_generation.py::test_parity_and_stress_pdfs_do_have_glyph_operators PASSED [ 96%]
tests/test_fixture_generation.py::test_regeneration_is_byte_deterministic PASSED [ 97%]
tests/test_fixture_generation.py::test_regeneration_produces_same_manifest_sha256 PASSED [ 97%]
tests/test_fixture_generation.py::test_generation_report_excludes_itself PASSED [ 97%]
tests/test_fixture_generation.py::test_generation_report_lists_exactly_the_12_benchmark_artifacts PASSED [ 98%]
tests/test_fixture_generation.py::test_generation_report_hashes_match_files_on_disk PASSED [ 98%]
tests/test_fixture_generation.py::test_generation_report_keys_contain_no_backslashes PASSED [ 99%]
tests/test_fixture_generation.py::test_parity_pptx_slide1_shapes_do_not_overlap PASSED [ 99%]
tests/test_fixture_generation.py::test_generator_source_has_no_llm_or_network_calls PASSED [100%]

============================= 244 passed in 5.25s =============================
