============================= test session starts =============================
platform win32 -- Python 3.13.9, pytest-9.1.1, pluggy-1.6.0 -- C:\Users\Admin\dev\er-lab\.venv\Scripts\python.exe
cachedir: .pytest_cache
rootdir: C:\Users\Admin\dev\er-lab
configfile: pytest.ini
plugins: anyio-4.14.1
collecting ... collected 108 items

tests/test_canonical_hashing.py::test_stable_hash_is_sha256_hex PASSED   [  0%]
tests/test_canonical_hashing.py::test_stable_hash_deterministic_across_fresh_instances PASSED [  1%]
tests/test_canonical_hashing.py::test_stable_hash_changes_with_content PASSED [  2%]
tests/test_canonical_hashing.py::test_compute_manifest_sha256_deterministic PASSED [  3%]
tests/test_canonical_hashing.py::test_compute_manifest_sha256_ignores_existing_hash_field PASSED [  4%]
tests/test_canonical_hashing.py::test_compute_manifest_sha256_differs_for_different_content PASSED [  5%]
tests/test_canonical_hashing.py::test_compute_manifest_sha256_key_order_independent PASSED [  6%]
tests/test_canonical_hashing.py::test_frozen_manifest_hash_is_computable_and_deterministic PASSED [  7%]
tests/test_canonical_hashing.py::test_frozen_manifest_has_no_self_embedded_hash PASSED [  8%]
tests/test_canonical_hashing.py::test_canonical_hash_independent_of_benchmark_binding PASSED [  9%]
tests/test_canonical_hashing.py::test_benchmark_binding_rejects_non_hex_manifest_sha256 PASSED [ 10%]
tests/test_canonical_hashing.py::test_benchmark_binding_rejects_non_hex_canonical_document_hash PASSED [ 11%]
tests/test_canonical_hashing.py::test_benchmark_binding_rejects_wrong_length_hash PASSED [ 12%]
tests/test_canonical_hashing.py::test_benchmark_binding_rejects_uppercase_hash PASSED [ 12%]
tests/test_canonical_hashing.py::test_canonical_document_rejects_non_hex_source_sha256 PASSED [ 13%]
tests/test_canonical_hashing.py::test_canonical_picture_rejects_non_hex_content_sha256 PASSED [ 14%]
tests/test_canonical_hashing.py::test_stable_element_id_deterministic PASSED [ 15%]
tests/test_canonical_hashing.py::test_stable_element_id_changes_with_identity_components PASSED [ 16%]
tests/test_canonical_hashing.py::test_stable_element_id_extra_dict_insertion_order_independent PASSED [ 17%]
tests/test_canonical_hashing.py::test_stable_element_id_is_sha256_hex PASSED [ 18%]
tests/test_canonical_hashing.py::test_hashing_module_does_not_use_uuid4_or_builtin_hash PASSED [ 19%]
tests/test_canonical_schema.py::test_valid_document_constructs PASSED    [ 20%]
tests/test_canonical_schema.py::test_canonical_document_has_no_manifest_fields PASSED [ 21%]
tests/test_canonical_schema.py::test_annotation_discriminated_union_parses_raw_dicts PASSED [ 22%]
tests/test_canonical_schema.py::test_unknown_annotation_type_rejected PASSED [ 23%]
tests/test_canonical_schema.py::test_bbox_coordinate_unit_mismatch_rejected PASSED [ 24%]
tests/test_canonical_schema.py::test_bbox_coordinate_origin_mismatch_rejected PASSED [ 25%]
tests/test_canonical_schema.py::test_bbox_unknown_unit_index_rejected PASSED [ 25%]
tests/test_canonical_schema.py::test_unit_index_unknown_rejected_even_without_bbox PASSED [ 26%]
tests/test_canonical_schema.py::test_diagram_node_bbox_coordinate_mismatch_rejected PASSED [ 27%]
tests/test_canonical_schema.py::test_diagram_edge_unresolved_node_id_rejected PASSED [ 28%]
tests/test_canonical_schema.py::test_diagram_edge_resolved_node_id_accepted PASSED [ 29%]
tests/test_canonical_schema.py::test_caption_unresolved_target_picture_rejected PASSED [ 30%]
tests/test_canonical_schema.py::test_list_item_unresolved_parent_rejected PASSED [ 31%]
tests/test_canonical_schema.py::test_list_item_resolved_parent_accepted PASSED [ 32%]
tests/test_canonical_schema.py::test_annotation_target_ref_unresolved_rejected PASSED [ 33%]
tests/test_canonical_schema.py::test_table_cell_row_out_of_bounds_rejected PASSED [ 34%]
tests/test_canonical_schema.py::test_table_cell_col_out_of_bounds_rejected PASSED [ 35%]
tests/test_canonical_schema.py::test_table_cell_span_exceeds_bounds_rejected PASSED [ 36%]
tests/test_canonical_schema.py::test_duplicate_block_id_rejected PASSED  [ 37%]
tests/test_canonical_schema.py::test_duplicate_picture_id_rejected PASSED [ 37%]
tests/test_canonical_schema.py::test_duplicate_annotation_id_rejected PASSED [ 38%]
tests/test_canonical_schema.py::test_duplicate_diagram_node_id_rejected PASSED [ 39%]
tests/test_canonical_schema.py::test_absolute_source_relative_path_rejected PASSED [ 40%]
tests/test_canonical_schema.py::test_windows_absolute_source_relative_path_rejected PASSED [ 41%]
tests/test_canonical_schema.py::test_backslash_source_relative_path_rejected PASSED [ 42%]
tests/test_canonical_schema.py::test_absolute_artifact_ref_rejected PASSED [ 43%]
tests/test_canonical_schema.py::test_windows_absolute_artifact_ref_rejected PASSED [ 44%]
tests/test_canonical_schema.py::test_empty_artifact_ref_rejected PASSED  [ 45%]
tests/test_canonical_schema.py::test_empty_source_relative_path_rejected PASSED [ 46%]
tests/test_canonical_schema.py::test_traversal_source_relative_path_rejected PASSED [ 47%]
tests/test_canonical_schema.py::test_traversal_artifact_ref_rejected PASSED [ 48%]
tests/test_canonical_schema.py::test_source_filename_with_slash_rejected PASSED [ 49%]
tests/test_canonical_schema.py::test_source_filename_with_backslash_rejected PASSED [ 50%]
tests/test_canonical_schema.py::test_source_filename_empty_rejected PASSED [ 50%]
tests/test_canonical_schema.py::test_source_sha256_rejects_non_hex PASSED [ 51%]
tests/test_canonical_schema.py::test_source_sha256_rejects_wrong_length PASSED [ 52%]
tests/test_canonical_schema.py::test_source_sha256_rejects_uppercase PASSED [ 53%]
tests/test_canonical_schema.py::test_content_sha256_rejects_non_hex PASSED [ 54%]
tests/test_canonical_schema.py::test_bbox_x1_less_than_x0_rejected PASSED [ 55%]
tests/test_canonical_schema.py::test_bbox_y1_less_than_y0_rejected PASSED [ 56%]
tests/test_canonical_schema.py::test_bbox_equal_x0_x1_accepted PASSED    [ 57%]
tests/test_canonical_schema.py::test_bbox_rejects_non_finite_values PASSED [ 58%]
tests/test_canonical_schema.py::test_normalized_bbox_valid_range_accepted PASSED [ 59%]
tests/test_canonical_schema.py::test_normalized_bbox_out_of_range_rejected PASSED [ 60%]
tests/test_canonical_schema.py::test_normalized_bbox_x_ordering_rejected PASSED [ 61%]
tests/test_canonical_schema.py::test_normalized_bbox_y_ordering_rejected PASSED [ 62%]
tests/test_canonical_schema.py::test_negative_unit_index_rejected PASSED [ 62%]
tests/test_canonical_schema.py::test_zero_width_unit_rejected PASSED     [ 63%]
tests/test_canonical_schema.py::test_zero_height_unit_rejected PASSED    [ 64%]
tests/test_canonical_schema.py::test_duplicate_unit_index_rejected PASSED [ 65%]
tests/test_canonical_schema.py::test_negative_order_index_rejected PASSED [ 66%]
tests/test_canonical_schema.py::test_heading_level_zero_rejected PASSED  [ 67%]
tests/test_canonical_schema.py::test_list_item_negative_indent_level_rejected PASSED [ 68%]
tests/test_canonical_schema.py::test_table_zero_rows_rejected PASSED     [ 69%]
tests/test_canonical_schema.py::test_table_zero_cols_rejected PASSED     [ 70%]
tests/test_canonical_schema.py::test_table_cell_negative_row_rejected PASSED [ 71%]
tests/test_canonical_schema.py::test_table_cell_negative_col_rejected PASSED [ 72%]
tests/test_canonical_schema.py::test_table_cell_zero_row_span_rejected PASSED [ 73%]
tests/test_canonical_schema.py::test_table_cell_zero_col_span_rejected PASSED [ 74%]
tests/test_canonical_schema.py::test_provenance_unresolved_element_id_rejected PASSED [ 75%]
tests/test_canonical_schema.py::test_provenance_resolves_to_core_element PASSED [ 75%]
tests/test_canonical_schema.py::test_provenance_resolves_to_annotation_id PASSED [ 76%]
tests/test_canonical_schema.py::test_block_id_colliding_with_picture_id_rejected PASSED [ 77%]
tests/test_canonical_schema.py::test_table_id_colliding_with_block_id_rejected PASSED [ 78%]
tests/test_canonical_schema.py::test_annotation_negative_unit_index_rejected PASSED [ 79%]
tests/test_canonical_schema.py::test_annotation_confidence_out_of_range_rejected PASSED [ 80%]
tests/test_canonical_schema.py::test_annotation_confidence_none_accepted PASSED [ 81%]
tests/test_canonical_schema.py::test_annotation_confidence_in_range_accepted PASSED [ 82%]
tests/test_canonical_schema.py::test_annotation_rejects_unexpected_extra_field PASSED [ 83%]
tests/test_canonical_schema.py::test_identifier_char_offsets_both_none_accepted PASSED [ 84%]
tests/test_canonical_schema.py::test_identifier_char_offsets_both_populated_accepted PASSED [ 85%]
tests/test_canonical_schema.py::test_identifier_char_offsets_only_start_rejected PASSED [ 86%]
tests/test_canonical_schema.py::test_identifier_char_offsets_only_end_rejected PASSED [ 87%]
tests/test_canonical_schema.py::test_identifier_char_offsets_start_after_end_rejected PASSED [ 87%]
tests/test_canonical_schema.py::test_identifier_char_offsets_negative_start_rejected PASSED [ 88%]
tests/test_canonical_schema.py::test_identifier_char_offsets_equal_start_end_accepted PASSED [ 89%]
tests/test_canonical_schema.py::test_ocr_annotation_defaults_to_extracted PASSED [ 90%]
tests/test_canonical_schema.py::test_ocr_annotation_rejects_model_derived PASSED [ 91%]
tests/test_canonical_schema.py::test_visible_text_annotation_defaults_to_model_derived PASSED [ 92%]
tests/test_canonical_schema.py::test_visible_text_annotation_rejects_extracted PASSED [ 93%]
tests/test_canonical_schema.py::test_image_description_annotation_rejects_extracted PASSED [ 94%]
tests/test_canonical_schema.py::test_image_description_annotation_defaults_to_model_derived PASSED [ 95%]
tests/test_canonical_schema.py::test_visual_fact_annotation_rejects_extracted PASSED [ 96%]
tests/test_canonical_schema.py::test_visual_fact_annotation_defaults_to_model_derived PASSED [ 97%]
tests/test_canonical_schema.py::test_diagram_node_annotation_accepts_extracted PASSED [ 98%]
tests/test_canonical_schema.py::test_diagram_node_annotation_accepts_model_derived PASSED [ 99%]
tests/test_canonical_schema.py::test_diagram_edge_annotation_accepts_extracted PASSED [100%]

============================= 108 passed in 0.62s =============================
